
[execute_cmd][Begin][14:26:33]
------------------------------------------------------------------------------------------------------------
[1-1] Create build directory
------------------------------------------------------------------------------------------------------------
mkdir /Users/soft/Work/LiU/SSDTC/vendor/paradiseo-1.2.1/paradiseo-eo/build
mkdir: /Users/soft/Work/LiU/SSDTC/vendor/paradiseo-1.2.1/paradiseo-eo/build: File exists
RETURN_CODE : 1
      [1-1] Create build directory NOK

[execute_cmd][Begin][14:26:33]
------------------------------------------------------------------------------------------------------------
[1-2] Go in Paradiseo-EO build dir
------------------------------------------------------------------------------------------------------------
cd /Users/soft/Work/LiU/SSDTC/vendor/paradiseo-1.2.1/paradiseo-eo/build
RETURN_CODE : 0
     [1-2] Go in Paradiseo-EO build dir OK
[execute_cmd][End][14:26:33]

[execute_cmd][Begin][14:26:33]
------------------------------------------------------------------------------------------------------------
[1-3] Run CMake using generator Unix Makefiles
------------------------------------------------------------------------------------------------------------
 echo "cmake ../  -GUnix Makefiles -DENABLE_MINIMAL_CMAKE_TESTING=TRUE " 
"cmake ../ -GUnix Makefiles -DENABLE_MINIMAL_CMAKE_TESTING=TRUE "
RETURN_CODE : 0
     [1-3] Run CMake using generator Unix Makefiles OK
[execute_cmd][End][14:26:33]
-- The C compiler identification is GNU
-- The CXX compiler identification is GNU
-- Checking whether C compiler has -isysroot
-- Checking whether C compiler has -isysroot - yes
-- Checking whether C compiler supports OSX deployment target flag
-- Checking whether C compiler supports OSX deployment target flag - yes
-- Check for working C compiler: /usr/bin/gcc
-- Check for working C compiler: /usr/bin/gcc -- works
-- Detecting C compiler ABI info
-- Detecting C compiler ABI info - done
-- Checking whether CXX compiler has -isysroot
-- Checking whether CXX compiler has -isysroot - yes
-- Checking whether CXX compiler supports OSX deployment target flag
-- Checking whether CXX compiler supports OSX deployment target flag - yes
-- Check for working CXX compiler: /usr/bin/c++
-- Check for working CXX compiler: /usr/bin/c++ -- works
-- Detecting CXX compiler ABI info
-- Detecting CXX compiler ABI info - done
-- Looking for C++ include iostream
-- Looking for C++ include iostream - found
-- Check for STD namespace
-- Check for STD namespace - found
-- Check for ANSI scope
-- Check for ANSI scope - found
-- Check for sstream
-- Check for sstream - found
-- Could NOT find Doxygen (missing:  DOXYGEN_EXECUTABLE) (found version "1.02")
-- Could NOT find Gnuplot (missing:  GNUPLOT_EXECUTABLE) (found version "1.02")
-- Looking for cos in m
CMake Warning (dev) at CMakeLists.txt:7 (LINK_DIRECTORIES):
  This command specifies the relative path

    cos in libm

  as a link directory.

  Policy CMP0015 is not set: link_directories() treats paths relative to the
  source dir.  Run "cmake --help-policy CMP0015" for policy details.  Use the
  cmake_policy command to set the policy and suppress this warning.
This warning is for project developers.  Use -Wno-dev to suppress it.

-- Looking for cos in m - found
-- Looking for include files cmath.h
-- Looking for include files cmath.h - not found.
-- Looking for include files stdio.h
-- Looking for include files stdio.h - found
-- Looking for include files stdlib.h
-- Looking for include files stdlib.h - found
-- Looking for include files string.h
-- Looking for include files string.h - found
-- Looking for include files strings.h
-- Looking for include files strings.h - found
-- Looking for include files malloc.h
-- Looking for include files malloc.h - not found.
-- Looking for include files limits.h
-- Looking for include files limits.h - found
-- Looking for include files unistd.h
-- Looking for include files unistd.h - found
-- Looking for include files stdint.h
-- Looking for include files stdint.h - found
-- Unable to generate the documentation, Doxygen package not found
-- Configuring done
-- Generating done
-- Build files have been written to: /Users/soft/Work/LiU/SSDTC/vendor/paradiseo-1.2.1/paradiseo-eo/build

[execute_cmd][Begin][14:26:43]
------------------------------------------------------------------------------------------------------------
[1-4] Compile ParadisEO-EO using CTest
------------------------------------------------------------------------------------------------------------
ctest -D ExperimentalStart -D ExperimentalBuild -D ExperimentalTest -D ExperimentalSubmit
   Site: nl-216-6.netlogon.liu.se
   Build name: Darwin-c++
Create new tag: 20110825-1226 - Experimental
Build project
   Each symbol represents 1024 bytes of output.
   '!' represents an error and '*' a warning.
    ..*...... Size of output: 8K
   0 Compiler errors
   4 Compiler warnings
Test project /Users/soft/Work/LiU/SSDTC/vendor/paradiseo-1.2.1/paradiseo-eo/build
    Start 1: t-eoEasyPSO
1/1 Test #1: t-eoEasyPSO ......................   Passed    0.07 sec

100% tests passed, 0 tests failed out of 1

Total Test time (real) =   0.34 sec
Submit files (using http)
   Using HTTP submit method
   Drop site:http://cdash.inria.fr/CDash/submit.php?project=ParadisEO
   Uploaded: /Users/soft/Work/LiU/SSDTC/vendor/paradiseo-1.2.1/paradiseo-eo/build/Testing/20110825-1226/Build.xml
   Uploaded: /Users/soft/Work/LiU/SSDTC/vendor/paradiseo-1.2.1/paradiseo-eo/build/Testing/20110825-1226/Test.xml
   Submission successful
RETURN_CODE : 0
     [1-4] Compile ParadisEO-EO using CTest OK
[execute_cmd][End][14:28:34]

[execute_cmd][Begin][14:28:34]
------------------------------------------------------------------------------------------------------------
[2-1] Go in Paradiseo-MO dir
------------------------------------------------------------------------------------------------------------
cd /Users/soft/Work/LiU/SSDTC/vendor/paradiseo-1.2.1/paradiseo-mo/build
RETURN_CODE : 0
     [2-1] Go in Paradiseo-MO dir OK
[execute_cmd][End][14:28:34]

[execute_cmd][Begin][14:28:34]
------------------------------------------------------------------------------------------------------------
[2-2] Run CMake using generator Unix Makefiles -Dconfig=/Users/soft/Work/LiU/SSDTC/vendor/paradiseo-1.2.1/install.cmake
------------------------------------------------------------------------------------------------------------
 echo "cmake ../ -Dconfig=/Users/soft/Work/LiU/SSDTC/vendor/paradiseo-1.2.1/install.cmake -G"Unix Makefiles" -DENABLE_MINIMAL_CMAKE_TESTING=TRUE  -DCMAKE_BUILD_TYPE=Release" 
"cmake ../ -Dconfig=/Users/soft/Work/LiU/SSDTC/vendor/paradiseo-1.2.1/install.cmake -G"Unix Makefiles" -DENABLE_MINIMAL_CMAKE_TESTING=TRUE -DCMAKE_BUILD_TYPE=Release"
RETURN_CODE : 0
     [2-2] Run CMake using generator Unix Makefiles -Dconfig=/Users/soft/Work/LiU/SSDTC/vendor/paradiseo-1.2.1/install.cmake OK
[execute_cmd][End][14:28:34]
-- The C compiler identification is GNU
-- The CXX compiler identification is GNU
-- Checking whether C compiler has -isysroot
-- Checking whether C compiler has -isysroot - yes
-- Checking whether C compiler supports OSX deployment target flag
-- Checking whether C compiler supports OSX deployment target flag - yes
-- Check for working C compiler: /usr/bin/gcc
-- Check for working C compiler: /usr/bin/gcc -- works
-- Detecting C compiler ABI info
-- Detecting C compiler ABI info - done
-- Checking whether CXX compiler has -isysroot
-- Checking whether CXX compiler has -isysroot - yes
-- Checking whether CXX compiler supports OSX deployment target flag
-- Checking whether CXX compiler supports OSX deployment target flag - yes
-- Check for working CXX compiler: /usr/bin/c++
-- Check for working CXX compiler: /usr/bin/c++ -- works
-- Detecting CXX compiler ABI info
-- Detecting CXX compiler ABI info - done
-- Looking for C++ include iostream
-- Looking for C++ include iostream - found
-- Check for STD namespace
-- Check for STD namespace - found
-- Check for ANSI scope
-- Check for ANSI scope - found
-- Check for sstream
-- Check for sstream - found
-- Could NOT find Doxygen (missing:  DOXYGEN_EXECUTABLE) (found version "1.2")
-- Could NOT find Gnuplot (missing:  GNUPLOT_EXECUTABLE) (found version "1.2")
-- Unable to generate the documentation, Doxygen package not found
CMake Warning (dev) at CMakeLists.txt:39 (INCLUDE):
  Policy CMP0011 is not set: Included scripts do automatic cmake_policy PUSH
  and POP.  Run "cmake --help-policy CMP0011" for policy details.  Use the
  cmake_policy command to set the policy and suppress this warning.

  The included script

    /Users/soft/Work/LiU/SSDTC/vendor/paradiseo-1.2.1/install.cmake

  affects policy settings.  CMake is implying the NO_POLICY_SCOPE option for
  compatibility, so the effects are applied to the including context.
This warning is for project developers.  Use -Wno-dev to suppress it.

-- Configuring done
-- Generating done
-- Build files have been written to: /Users/soft/Work/LiU/SSDTC/vendor/paradiseo-1.2.1/paradiseo-mo/build

[execute_cmd][Begin][14:28:39]
------------------------------------------------------------------------------------------------------------
[2-3] Compile ParadisEO-MO using CTest
------------------------------------------------------------------------------------------------------------
ctest -D ExperimentalStart -D ExperimentalBuild -D ExperimentalTest -D ExperimentalSubmit
   Site: nl-216-6.netlogon.liu.se
   Build name: Darwin-c++
Create new tag: 20110825-1228 - Experimental
Build project
   Each symbol represents 1024 bytes of output.
   '!' represents an error and '*' a warning.
    .*.. Size of output: 4K
   0 Compiler errors
   1 Compiler warnings
Test project /Users/soft/Work/LiU/SSDTC/vendor/paradiseo-1.2.1/paradiseo-mo/build
    Start 1: t-moHC
1/1 Test #1: t-moHC ...........................   Passed    0.00 sec

100% tests passed, 0 tests failed out of 1

Total Test time (real) =   0.12 sec
Submit files (using http)
   Using HTTP submit method
   Drop site:http://cdash.inria.fr/CDash/submit.php?project=ParadisEO
   Uploaded: /Users/soft/Work/LiU/SSDTC/vendor/paradiseo-1.2.1/paradiseo-mo/build/Testing/20110825-1228/Build.xml
   Uploaded: /Users/soft/Work/LiU/SSDTC/vendor/paradiseo-1.2.1/paradiseo-mo/build/Testing/20110825-1228/Test.xml
   Submission successful
RETURN_CODE : 0
     [2-3] Compile ParadisEO-MO using CTest OK
[execute_cmd][End][14:28:59]

[execute_cmd][Begin][14:28:59]
------------------------------------------------------------------------------------------------------------
[3-1] Go in Paradiseo-MOEO dir
------------------------------------------------------------------------------------------------------------
cd /Users/soft/Work/LiU/SSDTC/vendor/paradiseo-1.2.1/paradiseo-moeo/build
RETURN_CODE : 0
     [3-1] Go in Paradiseo-MOEO dir OK
[execute_cmd][End][14:28:59]

[execute_cmd][Begin][14:28:59]
------------------------------------------------------------------------------------------------------------
[3-2] Run CMake using generator Unix Makefiles -Dconfig=/Users/soft/Work/LiU/SSDTC/vendor/paradiseo-1.2.1/install.cmake
------------------------------------------------------------------------------------------------------------
 echo "cmake ../ -Dconfig=/Users/soft/Work/LiU/SSDTC/vendor/paradiseo-1.2.1/install.cmake -G"Unix Makefiles" -DCMAKE_BUILD_TYPE=Release -DENABLE_MINIMAL_CMAKE_TESTING=TRUE  "
"cmake ../ -Dconfig=/Users/soft/Work/LiU/SSDTC/vendor/paradiseo-1.2.1/install.cmake -G"Unix Makefiles" -DCMAKE_BUILD_TYPE=Release -DENABLE_MINIMAL_CMAKE_TESTING=TRUE "
RETURN_CODE : 0
     [3-2] Run CMake using generator Unix Makefiles -Dconfig=/Users/soft/Work/LiU/SSDTC/vendor/paradiseo-1.2.1/install.cmake OK
[execute_cmd][End][14:28:59]
-- The C compiler identification is GNU
-- The CXX compiler identification is GNU
-- Checking whether C compiler has -isysroot
-- Checking whether C compiler has -isysroot - yes
-- Checking whether C compiler supports OSX deployment target flag
-- Checking whether C compiler supports OSX deployment target flag - yes
-- Check for working C compiler: /usr/bin/gcc
-- Check for working C compiler: /usr/bin/gcc -- works
-- Detecting C compiler ABI info
-- Detecting C compiler ABI info - done
-- Checking whether CXX compiler has -isysroot
-- Checking whether CXX compiler has -isysroot - yes
-- Checking whether CXX compiler supports OSX deployment target flag
-- Checking whether CXX compiler supports OSX deployment target flag - yes
-- Check for working CXX compiler: /usr/bin/c++
-- Check for working CXX compiler: /usr/bin/c++ -- works
-- Detecting CXX compiler ABI info
-- Detecting CXX compiler ABI info - done
-- Looking for C++ include iostream
-- Looking for C++ include iostream - found
-- Check for STD namespace
-- Check for STD namespace - found
-- Check for ANSI scope
-- Check for ANSI scope - found
-- Check for sstream
-- Check for sstream - found
-- Could NOT find Doxygen (missing:  DOXYGEN_EXECUTABLE) (found version "1.2")
-- Could NOT find Gnuplot (missing:  GNUPLOT_EXECUTABLE) (found version "1.2")
-- Unable to generate the documentation, Doxygen package not found
CMake Warning (dev) at CMakeLists.txt:39 (INCLUDE):
  Policy CMP0011 is not set: Included scripts do automatic cmake_policy PUSH
  and POP.  Run "cmake --help-policy CMP0011" for policy details.  Use the
  cmake_policy command to set the policy and suppress this warning.

  The included script

    /Users/soft/Work/LiU/SSDTC/vendor/paradiseo-1.2.1/install.cmake

  affects policy settings.  CMake is implying the NO_POLICY_SCOPE option for
  compatibility, so the effects are applied to the including context.
This warning is for project developers.  Use -Wno-dev to suppress it.

-- Configuring done
-- Generating done
-- Build files have been written to: /Users/soft/Work/LiU/SSDTC/vendor/paradiseo-1.2.1/paradiseo-moeo/build

[execute_cmd][Begin][14:29:01]
------------------------------------------------------------------------------------------------------------
[3-3] Compile ParadisEO-MOEO using CTest
------------------------------------------------------------------------------------------------------------
ctest -D ExperimentalStart -D ExperimentalBuild -D ExperimentalTest -D ExperimentalSubmit
   Site: nl-216-6.netlogon.liu.se
   Build name: Darwin-c++
Create new tag: 20110825-1229 - Experimental
Build project
   Each symbol represents 1024 bytes of output.
   '!' represents an error and '*' a warning.
    .. Size of output: 2K
   0 Compiler errors
   0 Compiler warnings
Test project /Users/soft/Work/LiU/SSDTC/vendor/paradiseo-1.2.1/paradiseo-moeo/build
    Start 1: t-moeoEasyEA
1/1 Test #1: t-moeoEasyEA .....................   Passed    0.02 sec

100% tests passed, 0 tests failed out of 1

Total Test time (real) =   0.15 sec
Submit files (using http)
   Using HTTP submit method
   Drop site:http://cdash.inria.fr/CDash/submit.php?project=ParadisEO
   Uploaded: /Users/soft/Work/LiU/SSDTC/vendor/paradiseo-1.2.1/paradiseo-moeo/build/Testing/20110825-1229/Build.xml
   Uploaded: /Users/soft/Work/LiU/SSDTC/vendor/paradiseo-1.2.1/paradiseo-moeo/build/Testing/20110825-1229/Test.xml
   Submission successful
RETURN_CODE : 0
     [3-3] Compile ParadisEO-MOEO using CTest OK
[execute_cmd][End][14:29:19]
